{"level":"info","message":"Running on http://localhost:8600","timestamp":"2016-08-05T14:31:34.021Z"}
{"level":"info","message":"Recieved params: 54 and 4sd","timestamp":"2016-08-05T14:31:41.029Z"}
{"level":"info","message":"Recieved params: 54 and 4","timestamp":"2016-08-05T14:35:23.723Z"}
{"level":"info","message":"Running on http://localhost:8600","timestamp":"2016-08-05T14:37:48.658Z"}
{"level":"info","message":"Recieved params: 54 and 4sd","timestamp":"2016-08-05T14:38:14.055Z"}
{"level":"info","message":"Recieved params: 54 and 4","timestamp":"2016-08-05T14:38:20.027Z"}
{"level":"info","message":"Running on http://localhost:8600","timestamp":"2016-08-05T14:39:00.865Z"}
{"level":"info","message":"Recieved params: 54 and 4","timestamp":"2016-08-05T14:39:04.758Z"}
{"level":"info","message":"Running on http://localhost:8600","timestamp":"2016-08-05T14:44:48.204Z"}
{"level":"info","message":"Running on http://localhost:8600","timestamp":"2016-08-05T14:45:19.570Z"}
{"level":"info","message":"Recieved params: 54 and 4","timestamp":"2016-08-05T14:45:45.256Z"}
{"level":"info","message":"Recieved params: 54 and 4","timestamp":"2016-08-05T14:45:53.033Z"}
{"level":"info","message":"Recieved params: 54 and 4","timestamp":"2016-08-05T14:45:54.748Z"}
{"level":"info","message":"Recieved params: 54 and 4","timestamp":"2016-08-05T14:45:57.090Z"}
{"level":"info","message":"Running on http://localhost:8600","timestamp":"2016-08-05T14:48:43.789Z"}
{"level":"info","message":"Recieved params: 54 and 4sd","timestamp":"2016-08-05T14:49:06.446Z"}
{"level":"info","message":"Recieved params: 54 and 4","timestamp":"2016-08-05T14:49:09.696Z"}
{"level":"info","message":"Running on http://localhost:8600","timestamp":"2016-08-05T14:52:27.847Z"}
{"level":"info","message":"Running on http://localhost:8600","timestamp":"2016-08-05T14:54:43.492Z"}
{"level":"info","message":"Running on http://localhost:8600","timestamp":"2016-08-05T14:56:02.205Z"}
{"level":"info","message":"Recieved params: 54 and 4sd","timestamp":"2016-08-05T14:56:18.660Z"}
{"level":"info","message":"Recieved params: 54 and 4","timestamp":"2016-08-05T14:56:21.819Z"}
{"level":"info","message":"Running on http://localhost:8600","timestamp":"2016-08-05T14:58:59.970Z"}
{"level":"info","message":"Recieved params: 54 and 4","timestamp":"2016-08-05T14:59:06.512Z"}
{"level":"info","message":"54","timestamp":"2016-08-05T14:59:06.514Z"}
{"level":"info","message":"Recieved params: 54 and 4","timestamp":"2016-08-05T14:59:09.811Z"}
{"level":"info","message":"54","timestamp":"2016-08-05T14:59:09.811Z"}
{"level":"info","message":"Recieved params: 54 and 4","timestamp":"2016-08-05T15:01:02.585Z"}
{"level":"info","message":"54","timestamp":"2016-08-05T15:01:02.588Z"}
{"level":"info","message":"Running on http://localhost:8600","timestamp":"2016-08-05T15:01:39.040Z"}
{"level":"info","message":"Recieved params: 54 and 4","timestamp":"2016-08-05T15:01:43.153Z"}
{"level":"info","message":"54","timestamp":"2016-08-05T15:01:43.155Z"}
{"level":"info","message":"Recieved params: 54 and 4","timestamp":"2016-08-05T15:02:39.910Z"}
{"level":"info","message":"54","timestamp":"2016-08-05T15:02:39.910Z"}
{"level":"info","message":"Running on http://localhost:8600","timestamp":"2016-08-05T15:02:46.468Z"}
{"level":"info","message":"Recieved params: 54 and 4","timestamp":"2016-08-05T15:02:50.243Z"}
{"level":"info","message":"Running on http://localhost:8600","timestamp":"2016-08-05T15:04:26.044Z"}
{"level":"info","message":"Recieved params: 54 and 4sd","timestamp":"2016-08-05T15:04:43.705Z"}
{"level":"info","message":"Recieved params: 54 and 4","timestamp":"2016-08-05T15:04:47.723Z"}
{"level":"info","message":"Running on http://localhost:8600","timestamp":"2016-08-05T15:05:32.138Z"}
{"level":"info","message":"Recieved params: 54 and 4","timestamp":"2016-08-05T15:05:35.559Z"}
{"level":"info","message":"Recieved params: 54 and 87","timestamp":"2016-08-05T15:05:40.215Z"}
{"level":"info","message":"Running on http://localhost:8600","timestamp":"2016-08-05T15:25:15.093Z"}
{"level":"info","message":"Running on http://localhost:8600","timestamp":"2016-08-05T16:00:12.518Z"}
{"level":"info","message":"Recieved params: 54 and 4","timestamp":"2016-08-05T16:00:39.252Z"}
{"level":"info","message":"Running on http://localhost:8600","timestamp":"2016-08-05T16:23:55.282Z"}
{"level":"info","message":"Running on http://localhost:8600","timestamp":"2016-08-05T16:31:16.425Z"}
{"level":"info","message":"Running on http://localhost:8600","timestamp":"2016-08-05T17:33:14.674Z"}
{"level":"info","message":"Running on http://localhost:8600","timestamp":"2016-08-05T17:45:47.756Z"}
{"level":"info","message":"Running on http://localhost:8600","timestamp":"2016-08-05T18:03:05.452Z"}
{"level":"info","message":"Recieved params: 3 and 4","timestamp":"2016-08-05T18:03:47.488Z"}
{"level":"info","message":"Recieved params: 3 and 565","timestamp":"2016-08-05T18:04:13.036Z"}
{"level":"info","message":"Recieved params: 3 and 55656","timestamp":"2016-08-05T18:04:22.874Z"}
{"level":"info","message":"Recieved params: 3 and 55656","timestamp":"2016-08-05T18:04:29.135Z"}
{"level":"info","message":"Running on http://localhost:8600","timestamp":"2016-08-05T18:39:03.444Z"}
{"level":"info","message":"Running on http://localhost:8600","timestamp":"2016-08-05T19:03:55.435Z"}
{"level":"info","message":"Recieved params: undefined and undefined","timestamp":"2016-08-05T19:12:33.504Z"}
{"level":"info","message":"Running on http://localhost:8600","timestamp":"2016-08-05T19:14:10.585Z"}
{"level":"info","message":"Recieved params: 54 and 4","timestamp":"2016-08-05T19:14:12.813Z"}
{"level":"info","message":"Running on http://localhost:8600","timestamp":"2016-08-05T20:16:27.415Z"}
{"level":"info","message":"Recieved params: 54 and 4","timestamp":"2016-08-05T20:16:40.650Z"}
{"level":"info","message":"Running on http://localhost:8600","timestamp":"2016-08-06T01:50:44.087Z"}
